/srv/persistent/bliu2/HCASMC_eQTL/data/rnaseq2/alignments/2030801/ and /home/diskstation/RNAseq/HCASMC/Mapped_Files/HCASMC_RNASEQ_60lines_mapping_part*/2030801_26423_4_5_6_CTTGTA_4_5_CTTGTA/ differ
/srv/persistent/bliu2/HCASMC_eQTL/data/rnaseq2/alignments/2040401/ and /home/diskstation/RNAseq/HCASMC/Mapped_Files/HCASMC_RNASEQ_60lines_mapping_part*/2040401_26414_4_5_6_GAGTGG_4_5_GAGTGG/ differ
/srv/persistent/bliu2/HCASMC_eQTL/data/rnaseq2/alignments/20805/ and /home/diskstation/RNAseq/dase/S7_run0002_lane5_index7_1.fastq.gz_S7_run0002_lane5_index7_2.fastq.gz/ differ
/srv/persistent/bliu2/HCASMC_eQTL/data/rnaseq2/alignments/2105/ and /home/diskstation/RNAseq/HCASMC/Mapped_Files/HCASMC_RNASEQ_60lines_mapping_part*/2105_25491_1_2_3_ACTTGA_2_3_ACTTGA/ differ
/srv/persistent/bliu2/HCASMC_eQTL/data/rnaseq2/alignments/2135/ and /home/diskstation/RNAseq/HCASMC/Mapped_Files/HCASMC_RNASEQ_60lines_mapping_part*/2315_26438_ACTTGA/ differ
/srv/persistent/bliu2/HCASMC_eQTL/data/rnaseq2/alignments/2139/ and /home/diskstation/RNAseq/HCASMC/Raw_Data/Penn_2nd_round_RNAseq_GOOD_cvrg_8-11-15/2913_26442_GCCAAT/ differ
/srv/persistent/bliu2/HCASMC_eQTL/data/rnaseq2/alignments/2228/ and /home/diskstation/RNAseq/HCASMC/Mapped_Files/HCASMC_RNASEQ_60lines_mapping_part*/2228_26412_4_5_6_GTTTCG_4_5_GTTTCG/ differ
/srv/persistent/bliu2/HCASMC_eQTL/data/rnaseq2/alignments/2282/ and /home/diskstation/RNAseq/HCASMC/Mapped_Files/HCASMC_RNASEQ_60lines_mapping_part*/2282_26411_4_5_6_GTGGCC_4_5_GTGGCC/ differ
/srv/persistent/bliu2/HCASMC_eQTL/data/rnaseq2/alignments/2305/ and /home/diskstation/RNAseq/dase/FBS2_S4_merged_R1_001.fastq.gz_FBS2_S4_merged_R2_001.fastq.gz/ differ
/srv/persistent/bliu2/HCASMC_eQTL/data/rnaseq2/alignments/2356/ and /home/diskstation/RNAseq/HCASMC/Mapped_Files/HCASMC_RNASEQ_60lines_mapping_part*/2356_26424_4_5_6_CAGATC_4_5_CAGATC/ differ
/srv/persistent/bliu2/HCASMC_eQTL/data/rnaseq2/alignments/2435/ and /home/diskstation/RNAseq/HCASMC/Mapped_Files/HCASMC_RNASEQ_60lines_mapping_part*/2435_26408_4_5_6_GATCAG_4_5_GATCAG/ differ
/srv/persistent/bliu2/HCASMC_eQTL/data/rnaseq2/alignments/2463/ and /home/diskstation/RNAseq/HCASMC/Mapped_Files/HCASMC_RNASEQ_60lines_mapping_part*/2463_25502_1_2_3_TGACCA_2_3_TGACCA/ differ
/srv/persistent/bliu2/HCASMC_eQTL/data/rnaseq2/alignments/2510/ and /home/diskstation/RNAseq/HCASMC/Mapped_Files/HCASMC_RNASEQ_60lines_mapping_part*/2510_26419_4_5_6_CCGTCC_4_5_CCGTCC/ differ
/srv/persistent/bliu2/HCASMC_eQTL/data/rnaseq2/alignments/2989/ and /home/diskstation/RNAseq/HCASMC/Mapped_Files/HCASMC_RNASEQ_60lines_mapping_part*/2989_26405_4_5_6_ATCACG_4_5_ATCACG/ differ
/srv/persistent/bliu2/HCASMC_eQTL/data/rnaseq2/alignments/2999/ and /home/diskstation/RNAseq/HCASMC/Mapped_Files/HCASMC_RNASEQ_60lines_mapping_part*/2999_25495_1_2_3_GTGGCC_2_3_GTGGCC/ differ
/srv/persistent/bliu2/HCASMC_eQTL/data/rnaseq2/alignments/3003/ and /home/diskstation/RNAseq/HCASMC/Mapped_Files/HCASMC_RNASEQ_60lines_mapping_part*/3003_25490_1_2_3_TTAGGC_2_3_TTAGGC/ differ
/srv/persistent/bliu2/HCASMC_eQTL/data/rnaseq2/alignments/3100203/ and /home/diskstation/RNAseq/HCASMC/Mapped_Files/HCASMC_RNASEQ_60lines_mapping_part*/3100203_26415_4_5_6_ACTGAT_4_5_ACTGAT/ differ
/srv/persistent/bliu2/HCASMC_eQTL/data/rnaseq2/alignments/3101801/ and /home/diskstation/RNAseq/HCASMC/Mapped_Files/HCASMC_RNASEQ_60lines_mapping_part*/3101801.2_26434_GTCCGC/ differ
/srv/persistent/bliu2/HCASMC_eQTL/data/rnaseq2/alignments/317155/ and /home/diskstation/RNAseq/HCASMC/Mapped_Files/HCASMC_RNASEQ_60lines_mapping_part*/317155_26407_4_5_6_ACTTGA_4_5_ACTTGA/ differ
/srv/persistent/bliu2/HCASMC_eQTL/data/rnaseq2/alignments/59386145/ and /home/diskstation/RNAseq/HCASMC/Mapped_Files/HCASMC_RNASEQ_60lines_mapping_part*/59386143_26427_ACAGTG/ differ
/srv/persistent/bliu2/HCASMC_eQTL/data/rnaseq2/alignments/59885590/ and /home/mpjanic/tmp_rnaseq/59885590_26425_CGATGT/ differ
/srv/persistent/bliu2/HCASMC_eQTL/data/rnaseq2/alignments/7103002/ and /home/diskstation/RNAseq/HCASMC/Mapped_Files/HCASMC_RNASEQ_60lines_mapping_part*/7103002_26416_4_5_6_ATTCCT_4_5_ATTCCT/ differ
/srv/persistent/bliu2/HCASMC_eQTL/data/rnaseq2/alignments/8072501/ and /home/mpjanic/tmp_rnaseq/8072501_26426_TGACCA differ
/srv/persistent/bliu2/HCASMC_eQTL/data/rnaseq2/alignments/8100901/ and /home/diskstation/RNAseq/HCASMC/Mapped_Files/HCASMC_RNASEQ_60lines_mapping_part*/8100901_25503_1_2_3_ACAGTG_2_3_ACAGTG/ differ
/srv/persistent/bliu2/HCASMC_eQTL/data/rnaseq2/alignments/9052004/ and /home/diskstation/RNAseq/dase/pS17_1.fastq.gz_pS17_2.fastq.gz/ differ
/srv/persistent/bliu2/HCASMC_eQTL/data/rnaseq2/alignments/9070202/ and /home/diskstation/RNAseq/HCASMC/Mapped_Files/HCASMC_RNASEQ_60lines_mapping_part*/90702_Nextseq/ differ
/srv/persistent/bliu2/HCASMC_eQTL/data/rnaseq2/alignments/9071501/ and /home/mpjanic/tmp_rnaseq/9071501.8_26436_ATCACG differ
/srv/persistent/bliu2/HCASMC_eQTL/data/rnaseq2/alignments/9090701/ and /home/diskstation/RNAseq/HCASMC/Mapped_Files/HCASMC_RNASEQ_60lines_mapping_part*/9090701_25498_1_2_3_GAGTGG_2_3_GAGTGG/ differ
